Arguments: 
  C:\Program Files\nodejs\node.exe C:\Program Files (x86)\Yarn\bin\yarn.js install

PATH: 
  C:\Users\alexb\bin;C:\Program Files\Git\mingw64\bin;C:\Program Files\Git\usr\local\bin;C:\Program Files\Git\usr\bin;C:\Program Files\Git\usr\bin;C:\Program Files\Git\mingw64\bin;C:\Program Files\Git\usr\bin;C:\Users\alexb\bin;C:\Windows\system32;C:\Windows;C:\Windows\System32\Wbem;C:\Windows\System32\WindowsPowerShell\v1.0;C:\Windows\System32\OpenSSH;C:\Program Files\nodejs;C:\Program Files\Git\cmd;C:\Program Files (x86)\Yarn\bin;C:\Users\alexb\AppData\Local\Microsoft\WindowsApps;C:\Users\alexb\AppData\Local\Programs\Microsoft VS Code\bin;C:\Users\alexb\AppData\Roaming\npm;C:\Users\alexb\AppData\Local\Yarn\bin;C:\Program Files\Git\usr\bin\vendor_perl;C:\Program Files\Git\usr\bin\core_perl

Yarn version: 
  1.17.3

Node version: 
  10.16.2

Platform: 
  win32 x64

Trace: 
  Error: https://registry.yarnpkg.com/express: ESOCKETTIMEDOUT
      at ClientRequest.<anonymous> (C:\Program Files (x86)\Yarn\lib\cli.js:141091:19)
      at Object.onceWrapper (events.js:286:20)
      at ClientRequest.emit (events.js:198:13)
      at TLSSocket.emitRequestTimeout (_http_client.js:662:40)
      at Object.onceWrapper (events.js:286:20)
      at TLSSocket.emit (events.js:198:13)
      at TLSSocket.Socket._onTimeout (net.js:442:8)
      at ontimeout (timers.js:436:11)
      at tryOnTimeout (timers.js:300:5)
      at listOnTimeout (timers.js:263:5)

npm manifest: 
  {
      "name": "backend",
      "version": "1.0.0",
      "main": "index.js",
      "license": "MIT",
      "scripts": {
          "dev": "nodemon src/server.js"
      },
      "dependencies": {
          "express": "^4.17.1",
          "mongoose": "^5.7.5",
          "multer": "^1.4.2"
      },
      "devDependencies": {
          "nodemon": "^1.19.4"
      }
  }

yarn manifest: 
  No manifest

Lockfile: 
  No lockfile
